<?xml version="1.0" encoding="UTF-8"?>
<testsuite xmlns:xsi="http://www.w3.org/2001/XMLSchema-instance" xsi:noNamespaceSchemaLocation="https://maven.apache.org/surefire/maven-surefire-plugin/xsd/surefire-test-report-3.0.xsd" version="3.0" name="eql.logicaldoc.LogicaldocTest" time="3.737" tests="3" errors="0" skipped="0" failures="1">
  <properties>
[...]
</properties>
  <testcase name="LogicalDocTest_Docs_And_Search" classname="eql.logicaldoc.LogicaldocTest" time="3.346">
    <failure message="expected:&lt;FINISHED&gt; but was:&lt;FAILED&gt;" type="java.lang.AssertionError"><![CDATA[java.lang.AssertionError: expected:<FINISHED> but was:<FAILED>
	at eql.logicaldoc.LogicaldocTest.LogicalDocTest_Docs_And_Search(LogicaldocTest.java:45)
]]></failure>
    <system-out><![CDATA[13:23:22,761 WARN  [SoapUI] Missing folder [C:\Users\formation\Documents\Projet_Libreplan_Logicaldoc\logicaldoc\ext] for external libraries
13:23:22,949 INFO  [DefaultSoapUICore] initialized soapui-settings from [C:\Users\formation\soapui-settings.xml]
13:23:23,985 INFO  [PluginManager] 0 plugins loaded in 2 ms
13:23:23,985 INFO  [DefaultSoapUICore] All plugins loaded
13:23:24,593 INFO  [WsdlProject] Loaded project from [file:/C:/Users/formation/Documents/Projet_Libreplan_Logicaldoc/logicaldoc/src/test/resources/JN_Logicaldoc-soapui-project.xml]
13:23:24,720 DEBUG [HttpClientSupport$SoapUIHttpClient] Attempt 1 to execute request
13:23:24,720 DEBUG [SoapUIMultiThreadedHttpConnectionManager$SoapUIDefaultClientConnection] Sending request: POST /logicaldoc/services/Auth HTTP/1.1
13:23:24,734 DEBUG [SoapUIMultiThreadedHttpConnectionManager$SoapUIDefaultClientConnection] Receiving response: HTTP/1.1 200 
13:23:24,738 DEBUG [HttpClientSupport$SoapUIHttpClient] Connection can be kept alive for 20000 MILLISECONDS
Progress: 1 - Loading Definition from cache
13:23:25,392 DEBUG [AbstractDefinitionContext] Loading Definition...
13:23:25,402 DEBUG [WsdlInterfaceDefinition] Loading WSDL: file:/C:/Users/formation/Desktop/Document.wsdl
13:23:25,402 DEBUG [AbstractWsdlDefinitionLoader] Returning baseInputSource [file:/C:/Users/formation/Desktop/Document.wsdl]
Retrieving document at 'file:/C:/Users/formation/Desktop/Document.wsdl'.
13:23:25,423 ERROR [SoapUI] An error occurred [com.eviware.soapui.impl.support.definition.support.InvalidDefinitionException], see error log for details
13:23:25,426 ERROR [SoapUI] An error occurred [com.eviware.soapui.impl.support.definition.support.InvalidDefinitionException], see error log for details
13:23:25,427 WARN  [SoapUI] Failed to process inline/MTOM attachments; java.lang.Exception: Missing operation [create] in wsdl definition
Progress: 1 - Loading Definition from cache
13:23:25,436 DEBUG [AbstractDefinitionContext] Loading Definition...
13:23:25,436 DEBUG [WsdlInterfaceDefinition] Loading WSDL: file:/C:/Users/formation/Desktop/Document.wsdl
13:23:25,436 DEBUG [AbstractWsdlDefinitionLoader] Returning baseInputSource [file:/C:/Users/formation/Desktop/Document.wsdl]
Retrieving document at 'file:/C:/Users/formation/Desktop/Document.wsdl'.
13:23:25,443 ERROR [SoapUI] An error occurred [com.eviware.soapui.impl.support.definition.support.InvalidDefinitionException], see error log for details
13:23:25,444 WARN  [AttachmentUtils] 
13:23:25,462 DEBUG [HttpClientSupport$SoapUIHttpClient] Stale connection check
13:23:25,474 DEBUG [HttpClientSupport$SoapUIHttpClient] Attempt 1 to execute request
13:23:25,474 DEBUG [SoapUIMultiThreadedHttpConnectionManager$SoapUIDefaultClientConnection] Sending request: POST /logicaldoc/services/Document HTTP/1.1
13:23:25,512 DEBUG [SoapUIMultiThreadedHttpConnectionManager$SoapUIDefaultClientConnection] Receiving response: HTTP/1.1 200 
13:23:25,512 DEBUG [HttpClientSupport$SoapUIHttpClient] Connection can be kept alive for 20000 MILLISECONDS
Progress: 1 - Loading Definition from cache
13:23:25,555 DEBUG [AbstractDefinitionContext] Loading Definition...
13:23:25,555 DEBUG [WsdlInterfaceDefinition] Loading WSDL: file:/C:/Users/formation/Desktop/Document.wsdl
13:23:25,555 DEBUG [AbstractWsdlDefinitionLoader] Returning baseInputSource [file:/C:/Users/formation/Desktop/Document.wsdl]
Retrieving document at 'file:/C:/Users/formation/Desktop/Document.wsdl'.
13:23:25,560 ERROR [SoapUI] An error occurred [com.eviware.soapui.impl.support.definition.support.InvalidDefinitionException], see error log for details
13:23:25,560 ERROR [SoapUI] An error occurred [com.eviware.soapui.impl.support.definition.support.InvalidDefinitionException], see error log for details
13:23:25,561 WARN  [SoapUI] Failed to process inline/MTOM attachments; java.lang.Exception: Missing operation [create] in wsdl definition
Progress: 1 - Loading Definition from cache
13:23:25,562 DEBUG [AbstractDefinitionContext] Loading Definition...
13:23:25,562 DEBUG [WsdlInterfaceDefinition] Loading WSDL: file:/C:/Users/formation/Desktop/Document.wsdl
13:23:25,562 DEBUG [AbstractWsdlDefinitionLoader] Returning baseInputSource [file:/C:/Users/formation/Desktop/Document.wsdl]
Retrieving document at 'file:/C:/Users/formation/Desktop/Document.wsdl'.
13:23:25,567 ERROR [SoapUI] An error occurred [com.eviware.soapui.impl.support.definition.support.InvalidDefinitionException], see error log for details
13:23:25,567 WARN  [AttachmentUtils] 
13:23:25,569 DEBUG [HttpClientSupport$SoapUIHttpClient] Stale connection check
13:23:25,579 DEBUG [HttpClientSupport$SoapUIHttpClient] Attempt 1 to execute request
13:23:25,580 DEBUG [SoapUIMultiThreadedHttpConnectionManager$SoapUIDefaultClientConnection] Sending request: POST /logicaldoc/services/Document HTTP/1.1
13:23:25,582 DEBUG [SoapUIMultiThreadedHttpConnectionManager$SoapUIDefaultClientConnection] Receiving response: HTTP/1.1 500 
13:23:25,582 DEBUG [SoapUIMultiThreadedHttpConnectionManager$SoapUIDefaultClientConnection] Connection shut down
13:23:25,585 DEBUG [HttpClientSupport$SoapUIHttpClient] Attempt 1 to execute request
13:23:25,585 DEBUG [SoapUIMultiThreadedHttpConnectionManager$SoapUIDefaultClientConnection] Sending request: POST /logicaldoc/services/Document HTTP/1.1
13:23:25,590 DEBUG [SoapUIMultiThreadedHttpConnectionManager$SoapUIDefaultClientConnection] Receiving response: HTTP/1.1 200 
13:23:25,590 DEBUG [HttpClientSupport$SoapUIHttpClient] Connection can be kept alive for 20000 MILLISECONDS
13:23:25,593 DEBUG [HttpClientSupport$SoapUIHttpClient] Stale connection check
13:23:25,609 DEBUG [HttpClientSupport$SoapUIHttpClient] Attempt 1 to execute request
13:23:25,610 DEBUG [SoapUIMultiThreadedHttpConnectionManager$SoapUIDefaultClientConnection] Sending request: POST /logicaldoc/services/Document HTTP/1.1
13:23:25,632 DEBUG [SoapUIMultiThreadedHttpConnectionManager$SoapUIDefaultClientConnection] Receiving response: HTTP/1.1 500 
13:23:25,633 DEBUG [SoapUIMultiThreadedHttpConnectionManager$SoapUIDefaultClientConnection] Connection shut down
13:23:25,641 DEBUG [HttpClientSupport$SoapUIHttpClient] Attempt 1 to execute request
13:23:25,642 DEBUG [SoapUIMultiThreadedHttpConnectionManager$SoapUIDefaultClientConnection] Sending request: POST /logicaldoc/services/Document HTTP/1.1
13:23:25,663 DEBUG [SoapUIMultiThreadedHttpConnectionManager$SoapUIDefaultClientConnection] Receiving response: HTTP/1.1 200 
13:23:25,663 DEBUG [HttpClientSupport$SoapUIHttpClient] Connection can be kept alive for 20000 MILLISECONDS
13:23:25,668 DEBUG [HttpClientSupport$SoapUIHttpClient] Stale connection check
13:23:25,673 DEBUG [HttpClientSupport$SoapUIHttpClient] Attempt 1 to execute request
13:23:25,673 DEBUG [SoapUIMultiThreadedHttpConnectionManager$SoapUIDefaultClientConnection] Sending request: POST /logicaldoc/services/Document HTTP/1.1
13:23:25,689 DEBUG [SoapUIMultiThreadedHttpConnectionManager$SoapUIDefaultClientConnection] Receiving response: HTTP/1.1 200 
13:23:25,689 DEBUG [HttpClientSupport$SoapUIHttpClient] Connection can be kept alive for 20000 MILLISECONDS
13:23:25,692 DEBUG [HttpClientSupport$SoapUIHttpClient] Stale connection check
13:23:25,705 DEBUG [HttpClientSupport$SoapUIHttpClient] Attempt 1 to execute request
13:23:25,705 DEBUG [SoapUIMultiThreadedHttpConnectionManager$SoapUIDefaultClientConnection] Sending request: POST /logicaldoc/services/Document HTTP/1.1
13:23:25,709 DEBUG [SoapUIMultiThreadedHttpConnectionManager$SoapUIDefaultClientConnection] Receiving response: HTTP/1.1 200 
13:23:25,710 DEBUG [HttpClientSupport$SoapUIHttpClient] Connection can be kept alive for 20000 MILLISECONDS
13:23:25,713 DEBUG [HttpClientSupport$SoapUIHttpClient] Stale connection check
13:23:25,721 DEBUG [HttpClientSupport$SoapUIHttpClient] Attempt 1 to execute request
13:23:25,722 DEBUG [SoapUIMultiThreadedHttpConnectionManager$SoapUIDefaultClientConnection] Sending request: POST /logicaldoc/services/Auth HTTP/1.1
13:23:25,748 DEBUG [SoapUIMultiThreadedHttpConnectionManager$SoapUIDefaultClientConnection] Receiving response: HTTP/1.1 200 
13:23:25,748 DEBUG [HttpClientSupport$SoapUIHttpClient] Connection can be kept alive for 20000 MILLISECONDS
13:23:25,803 DEBUG [HttpClientSupport$SoapUIHttpClient] Stale connection check
13:23:25,815 DEBUG [HttpClientSupport$SoapUIHttpClient] Attempt 1 to execute request
13:23:25,815 DEBUG [SoapUIMultiThreadedHttpConnectionManager$SoapUIDefaultClientConnection] Sending request: POST /logicaldoc/services/Search HTTP/1.1
13:23:25,827 DEBUG [SoapUIMultiThreadedHttpConnectionManager$SoapUIDefaultClientConnection] Receiving response: HTTP/1.1 200 
13:23:25,827 DEBUG [HttpClientSupport$SoapUIHttpClient] Connection can be kept alive for 20000 MILLISECONDS
13:23:25,829 DEBUG [HttpClientSupport$SoapUIHttpClient] Stale connection check
13:23:25,831 DEBUG [HttpClientSupport$SoapUIHttpClient] Attempt 1 to execute request
13:23:25,831 DEBUG [SoapUIMultiThreadedHttpConnectionManager$SoapUIDefaultClientConnection] Sending request: POST /logicaldoc/services/Search HTTP/1.1
13:23:25,843 DEBUG [SoapUIMultiThreadedHttpConnectionManager$SoapUIDefaultClientConnection] Receiving response: HTTP/1.1 200 
13:23:25,844 DEBUG [HttpClientSupport$SoapUIHttpClient] Connection can be kept alive for 20000 MILLISECONDS
13:23:25,846 DEBUG [HttpClientSupport$SoapUIHttpClient] Stale connection check
13:23:25,862 DEBUG [HttpClientSupport$SoapUIHttpClient] Attempt 1 to execute request
13:23:25,862 DEBUG [SoapUIMultiThreadedHttpConnectionManager$SoapUIDefaultClientConnection] Sending request: POST /logicaldoc/services/Search HTTP/1.1
13:23:25,874 DEBUG [SoapUIMultiThreadedHttpConnectionManager$SoapUIDefaultClientConnection] Receiving response: HTTP/1.1 200 
13:23:25,874 DEBUG [HttpClientSupport$SoapUIHttpClient] Connection can be kept alive for 20000 MILLISECONDS
]]></system-out>
    <system-err><![CDATA[déc. 10, 2021 1:23:22 PM eql.logicaldoc.LogicaldocTest LogicalDocTest_Docs_And_Search
INFOS: Running LOGICALDOC Documents and Search APIs tests
SLF4J: Class path contains multiple SLF4J bindings.
SLF4J: Found binding in [jar:file:/C:/Users/formation/.m2/repository/org/apache/logging/log4j/log4j-slf4j-impl/2.14.1/log4j-slf4j-impl-2.14.1.jar!/org/slf4j/impl/StaticLoggerBinder.class]
SLF4J: Found binding in [jar:file:/C:/Installation/SmartBear/SoapUI-5.4.0/lib/slf4j-log4j12-1.6.4.jar!/org/slf4j/impl/StaticLoggerBinder.class]
SLF4J: See http://www.slf4j.org/codes.html#multiple_bindings for an explanation.
SLF4J: Actual binding is of type [org.apache.logging.slf4j.Log4jLoggerFactory]
déc. 10, 2021 1:23:24 PM eql.logicaldoc.LogicaldocTest LogicalDocTest_Docs_And_Search
INFOS: ******Running TestSuite 1***********
déc. 10, 2021 1:23:24 PM eql.logicaldoc.LogicaldocTest LogicalDocTest_Docs_And_Search
INFOS: ******Running TestCase 1***********
[Fatal Error] Document.wsdl:1:43: Le balisage du document précédant l'élément racine doit avoir un format correct.
com.eviware.soapui.impl.support.definition.support.InvalidDefinitionException
	at com.eviware.soapui.impl.wsdl.support.wsdl.WsdlInterfaceDefinition.load(WsdlInterfaceDefinition.java:52)
	at com.eviware.soapui.impl.wsdl.support.wsdl.WsdlContext.loadDefinition(WsdlContext.java:62)
	at com.eviware.soapui.impl.wsdl.support.wsdl.WsdlContext.loadDefinition(WsdlContext.java:34)
	at com.eviware.soapui.impl.support.definition.support.AbstractDefinitionContext.cacheDefinition(AbstractDefinitionContext.java:245)
	at com.eviware.soapui.impl.support.definition.support.AbstractDefinitionContext.access$400(AbstractDefinitionContext.java:47)
	at com.eviware.soapui.impl.support.definition.support.AbstractDefinitionContext$Loader.construct(AbstractDefinitionContext.java:218)
	at com.eviware.soapui.support.swing.SwingWorkerDelegator.construct(SwingWorkerDelegator.java:46)
	at com.eviware.soapui.support.swing.SwingWorker$2.run(SwingWorker.java:131)
	at java.lang.Thread.run(Thread.java:748)
com.eviware.soapui.impl.support.definition.support.InvalidDefinitionException
	at com.eviware.soapui.impl.wsdl.support.wsdl.WsdlInterfaceDefinition.load(WsdlInterfaceDefinition.java:52)
	at com.eviware.soapui.impl.wsdl.support.wsdl.WsdlContext.loadDefinition(WsdlContext.java:62)
	at com.eviware.soapui.impl.wsdl.support.wsdl.WsdlContext.loadDefinition(WsdlContext.java:34)
	at com.eviware.soapui.impl.support.definition.support.AbstractDefinitionContext.cacheDefinition(AbstractDefinitionContext.java:245)
	at com.eviware.soapui.impl.support.definition.support.AbstractDefinitionContext.access$400(AbstractDefinitionContext.java:47)
	at com.eviware.soapui.impl.support.definition.support.AbstractDefinitionContext$Loader.construct(AbstractDefinitionContext.java:218)
	at com.eviware.soapui.support.swing.SwingWorkerDelegator.construct(SwingWorkerDelegator.java:46)
	at com.eviware.soapui.support.swing.SwingWorker$2.run(SwingWorker.java:131)
	at java.lang.Thread.run(Thread.java:748)
[Fatal Error] Document.wsdl:1:43: Le balisage du document précédant l'élément racine doit avoir un format correct.
com.eviware.soapui.impl.support.definition.support.InvalidDefinitionException
	at com.eviware.soapui.impl.wsdl.support.wsdl.WsdlInterfaceDefinition.load(WsdlInterfaceDefinition.java:52)
	at com.eviware.soapui.impl.wsdl.support.wsdl.WsdlContext.loadDefinition(WsdlContext.java:62)
	at com.eviware.soapui.impl.wsdl.support.wsdl.WsdlContext.loadDefinition(WsdlContext.java:34)
	at com.eviware.soapui.impl.support.definition.support.AbstractDefinitionContext.cacheDefinition(AbstractDefinitionContext.java:245)
	at com.eviware.soapui.impl.support.definition.support.AbstractDefinitionContext.access$400(AbstractDefinitionContext.java:47)
	at com.eviware.soapui.impl.support.definition.support.AbstractDefinitionContext$Loader.construct(AbstractDefinitionContext.java:218)
	at com.eviware.soapui.support.swing.SwingWorkerDelegator.construct(SwingWorkerDelegator.java:46)
	at com.eviware.soapui.support.swing.SwingWorker$2.run(SwingWorker.java:131)
	at java.lang.Thread.run(Thread.java:748)
[Fatal Error] Document.wsdl:1:43: Le balisage du document précédant l'élément racine doit avoir un format correct.
com.eviware.soapui.impl.support.definition.support.InvalidDefinitionException
	at com.eviware.soapui.impl.wsdl.support.wsdl.WsdlInterfaceDefinition.load(WsdlInterfaceDefinition.java:52)
	at com.eviware.soapui.impl.wsdl.support.wsdl.WsdlContext.loadDefinition(WsdlContext.java:62)
	at com.eviware.soapui.impl.wsdl.support.wsdl.WsdlContext.loadDefinition(WsdlContext.java:34)
	at com.eviware.soapui.impl.support.definition.support.AbstractDefinitionContext.cacheDefinition(AbstractDefinitionContext.java:245)
	at com.eviware.soapui.impl.support.definition.support.AbstractDefinitionContext.access$400(AbstractDefinitionContext.java:47)
	at com.eviware.soapui.impl.support.definition.support.AbstractDefinitionContext$Loader.construct(AbstractDefinitionContext.java:218)
	at com.eviware.soapui.support.swing.SwingWorkerDelegator.construct(SwingWorkerDelegator.java:46)
	at com.eviware.soapui.support.swing.SwingWorker$2.run(SwingWorker.java:131)
	at java.lang.Thread.run(Thread.java:748)
com.eviware.soapui.impl.support.definition.support.InvalidDefinitionException
	at com.eviware.soapui.impl.wsdl.support.wsdl.WsdlInterfaceDefinition.load(WsdlInterfaceDefinition.java:52)
	at com.eviware.soapui.impl.wsdl.support.wsdl.WsdlContext.loadDefinition(WsdlContext.java:62)
	at com.eviware.soapui.impl.wsdl.support.wsdl.WsdlContext.loadDefinition(WsdlContext.java:34)
	at com.eviware.soapui.impl.support.definition.support.AbstractDefinitionContext.cacheDefinition(AbstractDefinitionContext.java:245)
	at com.eviware.soapui.impl.support.definition.support.AbstractDefinitionContext.access$400(AbstractDefinitionContext.java:47)
	at com.eviware.soapui.impl.support.definition.support.AbstractDefinitionContext$Loader.construct(AbstractDefinitionContext.java:218)
	at com.eviware.soapui.support.swing.SwingWorkerDelegator.construct(SwingWorkerDelegator.java:46)
	at com.eviware.soapui.support.swing.SwingWorker$2.run(SwingWorker.java:131)
	at java.lang.Thread.run(Thread.java:748)
[Fatal Error] Document.wsdl:1:43: Le balisage du document précédant l'élément racine doit avoir un format correct.
com.eviware.soapui.impl.support.definition.support.InvalidDefinitionException
	at com.eviware.soapui.impl.wsdl.support.wsdl.WsdlInterfaceDefinition.load(WsdlInterfaceDefinition.java:52)
	at com.eviware.soapui.impl.wsdl.support.wsdl.WsdlContext.loadDefinition(WsdlContext.java:62)
	at com.eviware.soapui.impl.wsdl.support.wsdl.WsdlContext.loadDefinition(WsdlContext.java:34)
	at com.eviware.soapui.impl.support.definition.support.AbstractDefinitionContext.cacheDefinition(AbstractDefinitionContext.java:245)
	at com.eviware.soapui.impl.support.definition.support.AbstractDefinitionContext.access$400(AbstractDefinitionContext.java:47)
	at com.eviware.soapui.impl.support.definition.support.AbstractDefinitionContext$Loader.construct(AbstractDefinitionContext.java:218)
	at com.eviware.soapui.support.swing.SwingWorkerDelegator.construct(SwingWorkerDelegator.java:46)
	at com.eviware.soapui.support.swing.SwingWorker$2.run(SwingWorker.java:131)
	at java.lang.Thread.run(Thread.java:748)
déc. 10, 2021 1:23:25 PM eql.logicaldoc.LogicaldocTest LogicalDocTest_Docs_And_Search
INFOS: ******Running TestSuite 2***********
déc. 10, 2021 1:23:25 PM eql.logicaldoc.LogicaldocTest LogicalDocTest_Docs_And_Search
INFOS: ******Running TestCase 1***********
]]></system-err>
  </testcase>
  <testcase name="LogicalDocTest_Folders" classname="eql.logicaldoc.LogicaldocTest" time="0.14">
    <system-out><![CDATA[13:23:25,901 INFO  [WsdlProject] Loaded project from [file:/C:/Users/formation/Documents/Projet_Libreplan_Logicaldoc/logicaldoc/src/test/resources/KIM_Logicaldoc-soapui-project.xml]
13:23:25,902 DEBUG [HttpClientSupport$SoapUIHttpClient] Stale connection check
13:23:25,910 DEBUG [HttpClientSupport$SoapUIHttpClient] Attempt 1 to execute request
13:23:25,910 DEBUG [SoapUIMultiThreadedHttpConnectionManager$SoapUIDefaultClientConnection] Sending request: POST /logicaldoc/services/Auth HTTP/1.1
13:23:25,918 DEBUG [SoapUIMultiThreadedHttpConnectionManager$SoapUIDefaultClientConnection] Receiving response: HTTP/1.1 200 
13:23:25,918 DEBUG [HttpClientSupport$SoapUIHttpClient] Connection can be kept alive for 20000 MILLISECONDS
13:23:25,939 DEBUG [HttpClientSupport$SoapUIHttpClient] Stale connection check
13:23:25,941 DEBUG [HttpClientSupport$SoapUIHttpClient] Attempt 1 to execute request
13:23:25,941 DEBUG [SoapUIMultiThreadedHttpConnectionManager$SoapUIDefaultClientConnection] Sending request: POST /logicaldoc/services/Folder HTTP/1.1
13:23:25,953 DEBUG [SoapUIMultiThreadedHttpConnectionManager$SoapUIDefaultClientConnection] Receiving response: HTTP/1.1 200 
13:23:25,953 DEBUG [HttpClientSupport$SoapUIHttpClient] Connection can be kept alive for 20000 MILLISECONDS
13:23:25,956 DEBUG [HttpClientSupport$SoapUIHttpClient] Stale connection check
13:23:25,957 DEBUG [HttpClientSupport$SoapUIHttpClient] Attempt 1 to execute request
13:23:25,957 DEBUG [SoapUIMultiThreadedHttpConnectionManager$SoapUIDefaultClientConnection] Sending request: POST /logicaldoc/services/Folder HTTP/1.1
13:23:25,966 DEBUG [SoapUIMultiThreadedHttpConnectionManager$SoapUIDefaultClientConnection] Receiving response: HTTP/1.1 200 
13:23:25,966 DEBUG [HttpClientSupport$SoapUIHttpClient] Connection can be kept alive for 20000 MILLISECONDS
13:23:26,008 DEBUG [HttpClientSupport$SoapUIHttpClient] Stale connection check
13:23:26,019 DEBUG [HttpClientSupport$SoapUIHttpClient] Attempt 1 to execute request
13:23:26,019 DEBUG [SoapUIMultiThreadedHttpConnectionManager$SoapUIDefaultClientConnection] Sending request: POST /logicaldoc/services/Folder HTTP/1.1
13:23:26,031 DEBUG [SoapUIMultiThreadedHttpConnectionManager$SoapUIDefaultClientConnection] Receiving response: HTTP/1.1 200 
13:23:26,031 DEBUG [HttpClientSupport$SoapUIHttpClient] Connection can be kept alive for 20000 MILLISECONDS
]]></system-out>
    <system-err><![CDATA[déc. 10, 2021 1:23:25 PM eql.logicaldoc.LogicaldocTest LogicalDocTest_Folders
INFOS: Running LOGICALDOC Folders APIs tests
déc. 10, 2021 1:23:25 PM eql.logicaldoc.LogicaldocTest LogicalDocTest_Folders
INFOS: ******Running TestSuite 1***********
déc. 10, 2021 1:23:25 PM eql.logicaldoc.LogicaldocTest LogicalDocTest_Folders
INFOS: ******Running TestCase 1***********
]]></system-err>
  </testcase>
  <testcase name="LogicalDocTest_Bookmarks" classname="eql.logicaldoc.LogicaldocTest" time="0.244">
    <system-out><![CDATA[13:23:26,049 INFO  [WsdlProject] Loaded project from [file:/C:/Users/formation/Documents/Projet_Libreplan_Logicaldoc/logicaldoc/src/test/resources/LOGICALDOC-BOOKMARKS-TEST-soapui-project.xml]
13:23:26,051 DEBUG [HttpClientSupport$SoapUIHttpClient] Stale connection check
13:23:26,067 DEBUG [HttpClientSupport$SoapUIHttpClient] Attempt 1 to execute request
13:23:26,067 DEBUG [SoapUIMultiThreadedHttpConnectionManager$SoapUIDefaultClientConnection] Sending request: POST /logicaldoc/services/Auth HTTP/1.1
13:23:26,075 DEBUG [SoapUIMultiThreadedHttpConnectionManager$SoapUIDefaultClientConnection] Receiving response: HTTP/1.1 200 
13:23:26,076 DEBUG [HttpClientSupport$SoapUIHttpClient] Connection can be kept alive for 20000 MILLISECONDS
Progress: 1 - Loading Definition from cache
13:23:26,104 DEBUG [AbstractDefinitionContext] Loading Definition...
13:23:26,105 DEBUG [WsdlInterfaceDefinition] Loading WSDL: http://localhost:8080/logicaldoc/services/Document?wsdl
13:23:26,105 DEBUG [AbstractWsdlDefinitionLoader] Returning baseInputSource [http://localhost:8080/logicaldoc/services/Document?wsdl]
Retrieving document at 'http://localhost:8080/logicaldoc/services/Document?wsdl'.
13:23:26,108 ERROR [SoapUI] An error occurred [com.eviware.soapui.impl.support.definition.support.InvalidDefinitionException], see error log for details
13:23:26,109 ERROR [SoapUI] An error occurred [com.eviware.soapui.impl.support.definition.support.InvalidDefinitionException], see error log for details
13:23:26,110 WARN  [SoapUI] Failed to process inline/MTOM attachments; java.lang.Exception: Missing operation [create] in wsdl definition
Progress: 1 - Loading Definition from cache
13:23:26,111 DEBUG [AbstractDefinitionContext] Loading Definition...
13:23:26,111 DEBUG [WsdlInterfaceDefinition] Loading WSDL: http://localhost:8080/logicaldoc/services/Document?wsdl
13:23:26,111 DEBUG [AbstractWsdlDefinitionLoader] Returning baseInputSource [http://localhost:8080/logicaldoc/services/Document?wsdl]
Retrieving document at 'http://localhost:8080/logicaldoc/services/Document?wsdl'.
13:23:26,116 ERROR [SoapUI] An error occurred [com.eviware.soapui.impl.support.definition.support.InvalidDefinitionException], see error log for details
13:23:26,117 WARN  [AttachmentUtils] 
13:23:26,119 DEBUG [HttpClientSupport$SoapUIHttpClient] Stale connection check
13:23:26,130 DEBUG [HttpClientSupport$SoapUIHttpClient] Attempt 1 to execute request
13:23:26,130 DEBUG [SoapUIMultiThreadedHttpConnectionManager$SoapUIDefaultClientConnection] Sending request: POST /logicaldoc/services/Document HTTP/1.1
13:23:26,159 DEBUG [SoapUIMultiThreadedHttpConnectionManager$SoapUIDefaultClientConnection] Receiving response: HTTP/1.1 200 
13:23:26,159 DEBUG [HttpClientSupport$SoapUIHttpClient] Connection can be kept alive for 20000 MILLISECONDS
13:23:26,195 DEBUG [HttpClientSupport$SoapUIHttpClient] Stale connection check
13:23:26,208 DEBUG [HttpClientSupport$SoapUIHttpClient] Attempt 1 to execute request
13:23:26,208 DEBUG [SoapUIMultiThreadedHttpConnectionManager$SoapUIDefaultClientConnection] Sending request: POST /logicaldoc/services/Bookmark HTTP/1.1
13:23:26,226 DEBUG [SoapUIMultiThreadedHttpConnectionManager$SoapUIDefaultClientConnection] Receiving response: HTTP/1.1 200 
13:23:26,226 DEBUG [HttpClientSupport$SoapUIHttpClient] Connection can be kept alive for 20000 MILLISECONDS
13:23:26,231 DEBUG [HttpClientSupport$SoapUIHttpClient] Stale connection check
13:23:26,239 DEBUG [HttpClientSupport$SoapUIHttpClient] Attempt 1 to execute request
13:23:26,239 DEBUG [SoapUIMultiThreadedHttpConnectionManager$SoapUIDefaultClientConnection] Sending request: POST /logicaldoc/services/Bookmark HTTP/1.1
13:23:26,245 DEBUG [SoapUIMultiThreadedHttpConnectionManager$SoapUIDefaultClientConnection] Receiving response: HTTP/1.1 200 
13:23:26,245 DEBUG [HttpClientSupport$SoapUIHttpClient] Connection can be kept alive for 20000 MILLISECONDS
13:23:26,248 DEBUG [HttpClientSupport$SoapUIHttpClient] Stale connection check
13:23:26,254 DEBUG [HttpClientSupport$SoapUIHttpClient] Attempt 1 to execute request
13:23:26,254 DEBUG [SoapUIMultiThreadedHttpConnectionManager$SoapUIDefaultClientConnection] Sending request: POST /logicaldoc/services/Bookmark HTTP/1.1
13:23:26,263 DEBUG [SoapUIMultiThreadedHttpConnectionManager$SoapUIDefaultClientConnection] Receiving response: HTTP/1.1 200 
13:23:26,263 DEBUG [HttpClientSupport$SoapUIHttpClient] Connection can be kept alive for 20000 MILLISECONDS
13:23:26,265 DEBUG [HttpClientSupport$SoapUIHttpClient] Stale connection check
13:23:26,270 DEBUG [HttpClientSupport$SoapUIHttpClient] Attempt 1 to execute request
13:23:26,270 DEBUG [SoapUIMultiThreadedHttpConnectionManager$SoapUIDefaultClientConnection] Sending request: POST /logicaldoc/services/Bookmark HTTP/1.1
13:23:26,275 DEBUG [SoapUIMultiThreadedHttpConnectionManager$SoapUIDefaultClientConnection] Receiving response: HTTP/1.1 200 
13:23:26,275 DEBUG [HttpClientSupport$SoapUIHttpClient] Connection can be kept alive for 20000 MILLISECONDS
]]></system-out>
    <system-err><![CDATA[déc. 10, 2021 1:23:26 PM eql.logicaldoc.LogicaldocTest LogicalDocTest_Bookmarks
INFOS: Running LOGICALDOC Bookmarks APIs tests
déc. 10, 2021 1:23:26 PM eql.logicaldoc.LogicaldocTest LogicalDocTest_Bookmarks
INFOS: ******Running BOOKMARK_DOCUMENT***********
déc. 10, 2021 1:23:26 PM eql.logicaldoc.LogicaldocTest LogicalDocTest_Bookmarks
INFOS: ******Running BOOKMARK_DOCUMENT***********
[Fatal Error] Document?wsdl:1:43: Le balisage du document précédant l'élément racine doit avoir un format correct.
com.eviware.soapui.impl.support.definition.support.InvalidDefinitionException
	at com.eviware.soapui.impl.wsdl.support.wsdl.WsdlInterfaceDefinition.load(WsdlInterfaceDefinition.java:52)
	at com.eviware.soapui.impl.wsdl.support.wsdl.WsdlContext.loadDefinition(WsdlContext.java:62)
	at com.eviware.soapui.impl.wsdl.support.wsdl.WsdlContext.loadDefinition(WsdlContext.java:34)
	at com.eviware.soapui.impl.support.definition.support.AbstractDefinitionContext.cacheDefinition(AbstractDefinitionContext.java:245)
	at com.eviware.soapui.impl.support.definition.support.AbstractDefinitionContext.access$400(AbstractDefinitionContext.java:47)
	at com.eviware.soapui.impl.support.definition.support.AbstractDefinitionContext$Loader.construct(AbstractDefinitionContext.java:218)
	at com.eviware.soapui.support.swing.SwingWorkerDelegator.construct(SwingWorkerDelegator.java:46)
	at com.eviware.soapui.support.swing.SwingWorker$2.run(SwingWorker.java:131)
	at java.lang.Thread.run(Thread.java:748)
com.eviware.soapui.impl.support.definition.support.InvalidDefinitionException
	at com.eviware.soapui.impl.wsdl.support.wsdl.WsdlInterfaceDefinition.load(WsdlInterfaceDefinition.java:52)
	at com.eviware.soapui.impl.wsdl.support.wsdl.WsdlContext.loadDefinition(WsdlContext.java:62)
	at com.eviware.soapui.impl.wsdl.support.wsdl.WsdlContext.loadDefinition(WsdlContext.java:34)
	at com.eviware.soapui.impl.support.definition.support.AbstractDefinitionContext.cacheDefinition(AbstractDefinitionContext.java:245)
	at com.eviware.soapui.impl.support.definition.support.AbstractDefinitionContext.access$400(AbstractDefinitionContext.java:47)
	at com.eviware.soapui.impl.support.definition.support.AbstractDefinitionContext$Loader.construct(AbstractDefinitionContext.java:218)
	at com.eviware.soapui.support.swing.SwingWorkerDelegator.construct(SwingWorkerDelegator.java:46)
	at com.eviware.soapui.support.swing.SwingWorker$2.run(SwingWorker.java:131)
	at java.lang.Thread.run(Thread.java:748)
[Fatal Error] Document?wsdl:1:43: Le balisage du document précédant l'élément racine doit avoir un format correct.
com.eviware.soapui.impl.support.definition.support.InvalidDefinitionException
	at com.eviware.soapui.impl.wsdl.support.wsdl.WsdlInterfaceDefinition.load(WsdlInterfaceDefinition.java:52)
	at com.eviware.soapui.impl.wsdl.support.wsdl.WsdlContext.loadDefinition(WsdlContext.java:62)
	at com.eviware.soapui.impl.wsdl.support.wsdl.WsdlContext.loadDefinition(WsdlContext.java:34)
	at com.eviware.soapui.impl.support.definition.support.AbstractDefinitionContext.cacheDefinition(AbstractDefinitionContext.java:245)
	at com.eviware.soapui.impl.support.definition.support.AbstractDefinitionContext.access$400(AbstractDefinitionContext.java:47)
	at com.eviware.soapui.impl.support.definition.support.AbstractDefinitionContext$Loader.construct(AbstractDefinitionContext.java:218)
	at com.eviware.soapui.support.swing.SwingWorkerDelegator.construct(SwingWorkerDelegator.java:46)
	at com.eviware.soapui.support.swing.SwingWorker$2.run(SwingWorker.java:131)
	at java.lang.Thread.run(Thread.java:748)
]]></system-err>
  </testcase>
</testsuite>