<?xml version="1.0" encoding="UTF-8"?>
<testsuite xmlns:xsi="http://www.w3.org/2001/XMLSchema-instance" xsi:noNamespaceSchemaLocation="https://maven.apache.org/surefire/maven-surefire-plugin/xsd/surefire-test-report-3.0.xsd" version="3.0" name="eql.logicaldoc.LogicaldocTest" time="3.918" tests="3" errors="0" skipped="0" failures="0">
  <properties>
[...]
</properties>
  <testcase name="LogicalDocTest_Docs_And_Search" classname="eql.logicaldoc.LogicaldocTest" time="3.415">
    <system-out><![CDATA[10:12:09,039 WARN  [SoapUI] Missing folder [C:\Users\formation\Documents\Projet_Libreplan_Logicaldoc\logicaldoc\ext] for external libraries
10:12:09,234 INFO  [DefaultSoapUICore] initialized soapui-settings from [C:\Users\formation\soapui-settings.xml]
10:12:10,186 INFO  [PluginManager] 0 plugins loaded in 1 ms
10:12:10,186 INFO  [DefaultSoapUICore] All plugins loaded
10:12:10,741 INFO  [WsdlProject] Loaded project from [file:/C:/Users/formation/Documents/Projet_Libreplan_Logicaldoc/logicaldoc/src/test/resources/UPDATED_JN_Logicaldoc-soapui-project.xml]
10:12:10,846 DEBUG [HttpClientSupport$SoapUIHttpClient] Attempt 1 to execute request
10:12:10,847 DEBUG [SoapUIMultiThreadedHttpConnectionManager$SoapUIDefaultClientConnection] Sending request: POST /logicaldoc/services/Auth HTTP/1.1
10:12:10,865 DEBUG [SoapUIMultiThreadedHttpConnectionManager$SoapUIDefaultClientConnection] Receiving response: HTTP/1.1 200 
10:12:10,869 DEBUG [HttpClientSupport$SoapUIHttpClient] Connection can be kept alive for 20000 MILLISECONDS
Progress: 1 - Loading Definition from cache
10:12:11,526 DEBUG [AbstractDefinitionContext] Loading Definition...
10:12:11,536 DEBUG [WsdlInterfaceDefinition] Loading WSDL: file:/C:/Users/formation/Desktop/Document.wsdl
10:12:11,536 DEBUG [AbstractWsdlDefinitionLoader] Returning baseInputSource [file:/C:/Users/formation/Desktop/Document.wsdl]
Retrieving document at 'file:/C:/Users/formation/Desktop/Document.wsdl'.
10:12:11,551 ERROR [SoapUI] An error occurred [com.eviware.soapui.impl.support.definition.support.InvalidDefinitionException], see error log for details
10:12:11,554 ERROR [SoapUI] An error occurred [com.eviware.soapui.impl.support.definition.support.InvalidDefinitionException], see error log for details
10:12:11,555 WARN  [SoapUI] Failed to process inline/MTOM attachments; java.lang.Exception: Missing operation [create] in wsdl definition
Progress: 1 - Loading Definition from cache
10:12:11,563 DEBUG [AbstractDefinitionContext] Loading Definition...
10:12:11,563 DEBUG [WsdlInterfaceDefinition] Loading WSDL: file:/C:/Users/formation/Desktop/Document.wsdl
10:12:11,563 DEBUG [AbstractWsdlDefinitionLoader] Returning baseInputSource [file:/C:/Users/formation/Desktop/Document.wsdl]
Retrieving document at 'file:/C:/Users/formation/Desktop/Document.wsdl'.
10:12:11,569 ERROR [SoapUI] An error occurred [com.eviware.soapui.impl.support.definition.support.InvalidDefinitionException], see error log for details
10:12:11,569 WARN  [AttachmentUtils] 
10:12:11,586 DEBUG [HttpClientSupport$SoapUIHttpClient] Stale connection check
10:12:11,604 DEBUG [HttpClientSupport$SoapUIHttpClient] Attempt 1 to execute request
10:12:11,605 DEBUG [SoapUIMultiThreadedHttpConnectionManager$SoapUIDefaultClientConnection] Sending request: POST /logicaldoc/services/Document HTTP/1.1
10:12:11,638 DEBUG [SoapUIMultiThreadedHttpConnectionManager$SoapUIDefaultClientConnection] Receiving response: HTTP/1.1 200 
10:12:11,638 DEBUG [HttpClientSupport$SoapUIHttpClient] Connection can be kept alive for 20000 MILLISECONDS
Progress: 1 - Loading Definition from cache
10:12:11,669 DEBUG [AbstractDefinitionContext] Loading Definition...
10:12:11,669 DEBUG [WsdlInterfaceDefinition] Loading WSDL: file:/C:/Users/formation/Desktop/Document.wsdl
10:12:11,669 DEBUG [AbstractWsdlDefinitionLoader] Returning baseInputSource [file:/C:/Users/formation/Desktop/Document.wsdl]
Retrieving document at 'file:/C:/Users/formation/Desktop/Document.wsdl'.
10:12:11,673 ERROR [SoapUI] An error occurred [com.eviware.soapui.impl.support.definition.support.InvalidDefinitionException], see error log for details
10:12:11,673 ERROR [SoapUI] An error occurred [com.eviware.soapui.impl.support.definition.support.InvalidDefinitionException], see error log for details
10:12:11,674 WARN  [SoapUI] Failed to process inline/MTOM attachments; java.lang.Exception: Missing operation [create] in wsdl definition
Progress: 1 - Loading Definition from cache
10:12:11,674 DEBUG [AbstractDefinitionContext] Loading Definition...
10:12:11,675 DEBUG [WsdlInterfaceDefinition] Loading WSDL: file:/C:/Users/formation/Desktop/Document.wsdl
10:12:11,675 DEBUG [AbstractWsdlDefinitionLoader] Returning baseInputSource [file:/C:/Users/formation/Desktop/Document.wsdl]
Retrieving document at 'file:/C:/Users/formation/Desktop/Document.wsdl'.
10:12:11,681 ERROR [SoapUI] An error occurred [com.eviware.soapui.impl.support.definition.support.InvalidDefinitionException], see error log for details
10:12:11,682 WARN  [AttachmentUtils] 
10:12:11,683 DEBUG [HttpClientSupport$SoapUIHttpClient] Stale connection check
10:12:11,693 DEBUG [HttpClientSupport$SoapUIHttpClient] Attempt 1 to execute request
10:12:11,693 DEBUG [SoapUIMultiThreadedHttpConnectionManager$SoapUIDefaultClientConnection] Sending request: POST /logicaldoc/services/Document HTTP/1.1
10:12:11,696 DEBUG [SoapUIMultiThreadedHttpConnectionManager$SoapUIDefaultClientConnection] Receiving response: HTTP/1.1 500 
10:12:11,696 DEBUG [SoapUIMultiThreadedHttpConnectionManager$SoapUIDefaultClientConnection] Connection shut down
10:12:11,700 DEBUG [HttpClientSupport$SoapUIHttpClient] Attempt 1 to execute request
10:12:11,700 DEBUG [SoapUIMultiThreadedHttpConnectionManager$SoapUIDefaultClientConnection] Sending request: POST /logicaldoc/services/Document HTTP/1.1
10:12:11,708 DEBUG [SoapUIMultiThreadedHttpConnectionManager$SoapUIDefaultClientConnection] Receiving response: HTTP/1.1 200 
10:12:11,708 DEBUG [HttpClientSupport$SoapUIHttpClient] Connection can be kept alive for 20000 MILLISECONDS
10:12:11,710 DEBUG [HttpClientSupport$SoapUIHttpClient] Stale connection check
10:12:11,724 DEBUG [HttpClientSupport$SoapUIHttpClient] Attempt 1 to execute request
10:12:11,724 DEBUG [SoapUIMultiThreadedHttpConnectionManager$SoapUIDefaultClientConnection] Sending request: POST /logicaldoc/services/Document HTTP/1.1
10:12:11,752 DEBUG [SoapUIMultiThreadedHttpConnectionManager$SoapUIDefaultClientConnection] Receiving response: HTTP/1.1 500 
10:12:11,753 DEBUG [SoapUIMultiThreadedHttpConnectionManager$SoapUIDefaultClientConnection] Connection shut down
10:12:11,764 DEBUG [HttpClientSupport$SoapUIHttpClient] Attempt 1 to execute request
10:12:11,764 DEBUG [SoapUIMultiThreadedHttpConnectionManager$SoapUIDefaultClientConnection] Sending request: POST /logicaldoc/services/Document HTTP/1.1
10:12:11,789 DEBUG [SoapUIMultiThreadedHttpConnectionManager$SoapUIDefaultClientConnection] Receiving response: HTTP/1.1 200 
10:12:11,789 DEBUG [HttpClientSupport$SoapUIHttpClient] Connection can be kept alive for 20000 MILLISECONDS
10:12:11,796 DEBUG [HttpClientSupport$SoapUIHttpClient] Stale connection check
10:12:11,802 DEBUG [HttpClientSupport$SoapUIHttpClient] Attempt 1 to execute request
10:12:11,802 DEBUG [SoapUIMultiThreadedHttpConnectionManager$SoapUIDefaultClientConnection] Sending request: POST /logicaldoc/services/Document HTTP/1.1
10:12:11,825 DEBUG [SoapUIMultiThreadedHttpConnectionManager$SoapUIDefaultClientConnection] Receiving response: HTTP/1.1 200 
10:12:11,825 DEBUG [HttpClientSupport$SoapUIHttpClient] Connection can be kept alive for 20000 MILLISECONDS
10:12:11,829 DEBUG [HttpClientSupport$SoapUIHttpClient] Stale connection check
10:12:11,834 DEBUG [HttpClientSupport$SoapUIHttpClient] Attempt 1 to execute request
10:12:11,834 DEBUG [SoapUIMultiThreadedHttpConnectionManager$SoapUIDefaultClientConnection] Sending request: POST /logicaldoc/services/Document HTTP/1.1
10:12:11,841 DEBUG [SoapUIMultiThreadedHttpConnectionManager$SoapUIDefaultClientConnection] Receiving response: HTTP/1.1 200 
10:12:11,841 DEBUG [HttpClientSupport$SoapUIHttpClient] Connection can be kept alive for 20000 MILLISECONDS
10:12:11,845 DEBUG [HttpClientSupport$SoapUIHttpClient] Stale connection check
10:12:11,850 DEBUG [HttpClientSupport$SoapUIHttpClient] Attempt 1 to execute request
10:12:11,850 DEBUG [SoapUIMultiThreadedHttpConnectionManager$SoapUIDefaultClientConnection] Sending request: POST /logicaldoc/services/Auth HTTP/1.1
10:12:11,888 DEBUG [SoapUIMultiThreadedHttpConnectionManager$SoapUIDefaultClientConnection] Receiving response: HTTP/1.1 200 
10:12:11,888 DEBUG [HttpClientSupport$SoapUIHttpClient] Connection can be kept alive for 20000 MILLISECONDS
10:12:11,914 DEBUG [HttpClientSupport$SoapUIHttpClient] Stale connection check
10:12:11,929 DEBUG [HttpClientSupport$SoapUIHttpClient] Attempt 1 to execute request
10:12:11,929 DEBUG [SoapUIMultiThreadedHttpConnectionManager$SoapUIDefaultClientConnection] Sending request: POST /logicaldoc/services/Document HTTP/1.1
10:12:11,949 DEBUG [SoapUIMultiThreadedHttpConnectionManager$SoapUIDefaultClientConnection] Receiving response: HTTP/1.1 200 
10:12:11,949 DEBUG [HttpClientSupport$SoapUIHttpClient] Connection can be kept alive for 20000 MILLISECONDS
10:12:11,977 DEBUG [HttpClientSupport$SoapUIHttpClient] Stale connection check
10:12:11,993 DEBUG [HttpClientSupport$SoapUIHttpClient] Attempt 1 to execute request
10:12:11,993 DEBUG [SoapUIMultiThreadedHttpConnectionManager$SoapUIDefaultClientConnection] Sending request: POST /logicaldoc/services/Document HTTP/1.1
10:12:12,091 DEBUG [SoapUIMultiThreadedHttpConnectionManager$SoapUIDefaultClientConnection] Receiving response: HTTP/1.1 200 
10:12:12,091 DEBUG [HttpClientSupport$SoapUIHttpClient] Connection can be kept alive for 20000 MILLISECONDS
10:12:12,093 DEBUG [HttpClientSupport$SoapUIHttpClient] Stale connection check
10:12:12,103 DEBUG [HttpClientSupport$SoapUIHttpClient] Attempt 1 to execute request
10:12:12,103 DEBUG [SoapUIMultiThreadedHttpConnectionManager$SoapUIDefaultClientConnection] Sending request: POST /logicaldoc/services/Search HTTP/1.1
10:12:12,147 DEBUG [SoapUIMultiThreadedHttpConnectionManager$SoapUIDefaultClientConnection] Receiving response: HTTP/1.1 200 
10:12:12,148 DEBUG [HttpClientSupport$SoapUIHttpClient] Connection can be kept alive for 20000 MILLISECONDS
10:12:12,154 DEBUG [HttpClientSupport$SoapUIHttpClient] Stale connection check
10:12:12,166 DEBUG [HttpClientSupport$SoapUIHttpClient] Attempt 1 to execute request
10:12:12,166 DEBUG [SoapUIMultiThreadedHttpConnectionManager$SoapUIDefaultClientConnection] Sending request: POST /logicaldoc/services/Search HTTP/1.1
10:12:12,174 DEBUG [SoapUIMultiThreadedHttpConnectionManager$SoapUIDefaultClientConnection] Receiving response: HTTP/1.1 200 
10:12:12,174 DEBUG [HttpClientSupport$SoapUIHttpClient] Connection can be kept alive for 20000 MILLISECONDS
10:12:12,177 DEBUG [HttpClientSupport$SoapUIHttpClient] Stale connection check
10:12:12,182 DEBUG [HttpClientSupport$SoapUIHttpClient] Attempt 1 to execute request
10:12:12,182 DEBUG [SoapUIMultiThreadedHttpConnectionManager$SoapUIDefaultClientConnection] Sending request: POST /logicaldoc/services/Search HTTP/1.1
10:12:12,230 DEBUG [SoapUIMultiThreadedHttpConnectionManager$SoapUIDefaultClientConnection] Receiving response: HTTP/1.1 200 
10:12:12,230 DEBUG [HttpClientSupport$SoapUIHttpClient] Connection can be kept alive for 20000 MILLISECONDS
]]></system-out>
    <system-err><![CDATA[déc. 13, 2021 10:12:08 AM eql.logicaldoc.LogicaldocTest LogicalDocTest_Docs_And_Search
INFOS: Running LOGICALDOC Documents and Search APIs tests
SLF4J: Class path contains multiple SLF4J bindings.
SLF4J: Found binding in [jar:file:/C:/Users/formation/.m2/repository/org/apache/logging/log4j/log4j-slf4j-impl/2.14.1/log4j-slf4j-impl-2.14.1.jar!/org/slf4j/impl/StaticLoggerBinder.class]
SLF4J: Found binding in [jar:file:/C:/Installation/SmartBear/SoapUI-5.4.0/lib/slf4j-log4j12-1.6.4.jar!/org/slf4j/impl/StaticLoggerBinder.class]
SLF4J: See http://www.slf4j.org/codes.html#multiple_bindings for an explanation.
SLF4J: Actual binding is of type [org.apache.logging.slf4j.Log4jLoggerFactory]
déc. 13, 2021 10:12:10 AM eql.logicaldoc.LogicaldocTest LogicalDocTest_Docs_And_Search
INFOS: ******Running TestSuite 1***********
déc. 13, 2021 10:12:10 AM eql.logicaldoc.LogicaldocTest LogicalDocTest_Docs_And_Search
INFOS: ******Running TestCase 1***********
[Fatal Error] Document.wsdl:1:43: Le balisage du document précédant l'élément racine doit avoir un format correct.
com.eviware.soapui.impl.support.definition.support.InvalidDefinitionException
	at com.eviware.soapui.impl.wsdl.support.wsdl.WsdlInterfaceDefinition.load(WsdlInterfaceDefinition.java:52)
	at com.eviware.soapui.impl.wsdl.support.wsdl.WsdlContext.loadDefinition(WsdlContext.java:62)
	at com.eviware.soapui.impl.wsdl.support.wsdl.WsdlContext.loadDefinition(WsdlContext.java:34)
	at com.eviware.soapui.impl.support.definition.support.AbstractDefinitionContext.cacheDefinition(AbstractDefinitionContext.java:245)
	at com.eviware.soapui.impl.support.definition.support.AbstractDefinitionContext.access$400(AbstractDefinitionContext.java:47)
	at com.eviware.soapui.impl.support.definition.support.AbstractDefinitionContext$Loader.construct(AbstractDefinitionContext.java:218)
	at com.eviware.soapui.support.swing.SwingWorkerDelegator.construct(SwingWorkerDelegator.java:46)
	at com.eviware.soapui.support.swing.SwingWorker$2.run(SwingWorker.java:131)
	at java.lang.Thread.run(Thread.java:748)
com.eviware.soapui.impl.support.definition.support.InvalidDefinitionException
	at com.eviware.soapui.impl.wsdl.support.wsdl.WsdlInterfaceDefinition.load(WsdlInterfaceDefinition.java:52)
	at com.eviware.soapui.impl.wsdl.support.wsdl.WsdlContext.loadDefinition(WsdlContext.java:62)
	at com.eviware.soapui.impl.wsdl.support.wsdl.WsdlContext.loadDefinition(WsdlContext.java:34)
	at com.eviware.soapui.impl.support.definition.support.AbstractDefinitionContext.cacheDefinition(AbstractDefinitionContext.java:245)
	at com.eviware.soapui.impl.support.definition.support.AbstractDefinitionContext.access$400(AbstractDefinitionContext.java:47)
	at com.eviware.soapui.impl.support.definition.support.AbstractDefinitionContext$Loader.construct(AbstractDefinitionContext.java:218)
	at com.eviware.soapui.support.swing.SwingWorkerDelegator.construct(SwingWorkerDelegator.java:46)
	at com.eviware.soapui.support.swing.SwingWorker$2.run(SwingWorker.java:131)
	at java.lang.Thread.run(Thread.java:748)
[Fatal Error] Document.wsdl:1:43: Le balisage du document précédant l'élément racine doit avoir un format correct.
com.eviware.soapui.impl.support.definition.support.InvalidDefinitionException
	at com.eviware.soapui.impl.wsdl.support.wsdl.WsdlInterfaceDefinition.load(WsdlInterfaceDefinition.java:52)
	at com.eviware.soapui.impl.wsdl.support.wsdl.WsdlContext.loadDefinition(WsdlContext.java:62)
	at com.eviware.soapui.impl.wsdl.support.wsdl.WsdlContext.loadDefinition(WsdlContext.java:34)
	at com.eviware.soapui.impl.support.definition.support.AbstractDefinitionContext.cacheDefinition(AbstractDefinitionContext.java:245)
	at com.eviware.soapui.impl.support.definition.support.AbstractDefinitionContext.access$400(AbstractDefinitionContext.java:47)
	at com.eviware.soapui.impl.support.definition.support.AbstractDefinitionContext$Loader.construct(AbstractDefinitionContext.java:218)
	at com.eviware.soapui.support.swing.SwingWorkerDelegator.construct(SwingWorkerDelegator.java:46)
	at com.eviware.soapui.support.swing.SwingWorker$2.run(SwingWorker.java:131)
	at java.lang.Thread.run(Thread.java:748)
[Fatal Error] Document.wsdl:1:43: Le balisage du document précédant l'élément racine doit avoir un format correct.
com.eviware.soapui.impl.support.definition.support.InvalidDefinitionException
	at com.eviware.soapui.impl.wsdl.support.wsdl.WsdlInterfaceDefinition.load(WsdlInterfaceDefinition.java:52)
	at com.eviware.soapui.impl.wsdl.support.wsdl.WsdlContext.loadDefinition(WsdlContext.java:62)
	at com.eviware.soapui.impl.wsdl.support.wsdl.WsdlContext.loadDefinition(WsdlContext.java:34)
	at com.eviware.soapui.impl.support.definition.support.AbstractDefinitionContext.cacheDefinition(AbstractDefinitionContext.java:245)
	at com.eviware.soapui.impl.support.definition.support.AbstractDefinitionContext.access$400(AbstractDefinitionContext.java:47)
	at com.eviware.soapui.impl.support.definition.support.AbstractDefinitionContext$Loader.construct(AbstractDefinitionContext.java:218)
	at com.eviware.soapui.support.swing.SwingWorkerDelegator.construct(SwingWorkerDelegator.java:46)
	at com.eviware.soapui.support.swing.SwingWorker$2.run(SwingWorker.java:131)
	at java.lang.Thread.run(Thread.java:748)
com.eviware.soapui.impl.support.definition.support.InvalidDefinitionException
	at com.eviware.soapui.impl.wsdl.support.wsdl.WsdlInterfaceDefinition.load(WsdlInterfaceDefinition.java:52)
	at com.eviware.soapui.impl.wsdl.support.wsdl.WsdlContext.loadDefinition(WsdlContext.java:62)
	at com.eviware.soapui.impl.wsdl.support.wsdl.WsdlContext.loadDefinition(WsdlContext.java:34)
	at com.eviware.soapui.impl.support.definition.support.AbstractDefinitionContext.cacheDefinition(AbstractDefinitionContext.java:245)
	at com.eviware.soapui.impl.support.definition.support.AbstractDefinitionContext.access$400(AbstractDefinitionContext.java:47)
	at com.eviware.soapui.impl.support.definition.support.AbstractDefinitionContext$Loader.construct(AbstractDefinitionContext.java:218)
	at com.eviware.soapui.support.swing.SwingWorkerDelegator.construct(SwingWorkerDelegator.java:46)
	at com.eviware.soapui.support.swing.SwingWorker$2.run(SwingWorker.java:131)
	at java.lang.Thread.run(Thread.java:748)
[Fatal Error] Document.wsdl:1:43: Le balisage du document précédant l'élément racine doit avoir un format correct.
com.eviware.soapui.impl.support.definition.support.InvalidDefinitionException
	at com.eviware.soapui.impl.wsdl.support.wsdl.WsdlInterfaceDefinition.load(WsdlInterfaceDefinition.java:52)
	at com.eviware.soapui.impl.wsdl.support.wsdl.WsdlContext.loadDefinition(WsdlContext.java:62)
	at com.eviware.soapui.impl.wsdl.support.wsdl.WsdlContext.loadDefinition(WsdlContext.java:34)
	at com.eviware.soapui.impl.support.definition.support.AbstractDefinitionContext.cacheDefinition(AbstractDefinitionContext.java:245)
	at com.eviware.soapui.impl.support.definition.support.AbstractDefinitionContext.access$400(AbstractDefinitionContext.java:47)
	at com.eviware.soapui.impl.support.definition.support.AbstractDefinitionContext$Loader.construct(AbstractDefinitionContext.java:218)
	at com.eviware.soapui.support.swing.SwingWorkerDelegator.construct(SwingWorkerDelegator.java:46)
	at com.eviware.soapui.support.swing.SwingWorker$2.run(SwingWorker.java:131)
	at java.lang.Thread.run(Thread.java:748)
déc. 13, 2021 10:12:11 AM eql.logicaldoc.LogicaldocTest LogicalDocTest_Docs_And_Search
INFOS: ******Running TestSuite 2***********
déc. 13, 2021 10:12:11 AM eql.logicaldoc.LogicaldocTest LogicalDocTest_Docs_And_Search
INFOS: ******Running TestCase 1***********
]]></system-err>
  </testcase>
  <testcase name="LogicalDocTest_Folders" classname="eql.logicaldoc.LogicaldocTest" time="0.23">
    <system-out><![CDATA[10:12:12,276 INFO  [WsdlProject] Loaded project from [file:/C:/Users/formation/Documents/Projet_Libreplan_Logicaldoc/logicaldoc/src/test/resources/KIM_Logicaldoc-soapui-project.xml]
10:12:12,280 DEBUG [HttpClientSupport$SoapUIHttpClient] Stale connection check
10:12:12,293 DEBUG [HttpClientSupport$SoapUIHttpClient] Attempt 1 to execute request
10:12:12,293 DEBUG [SoapUIMultiThreadedHttpConnectionManager$SoapUIDefaultClientConnection] Sending request: POST /logicaldoc/services/Auth HTTP/1.1
10:12:12,323 DEBUG [SoapUIMultiThreadedHttpConnectionManager$SoapUIDefaultClientConnection] Receiving response: HTTP/1.1 200 
10:12:12,323 DEBUG [HttpClientSupport$SoapUIHttpClient] Connection can be kept alive for 20000 MILLISECONDS
10:12:12,374 DEBUG [HttpClientSupport$SoapUIHttpClient] Stale connection check
10:12:12,386 DEBUG [HttpClientSupport$SoapUIHttpClient] Attempt 1 to execute request
10:12:12,386 DEBUG [SoapUIMultiThreadedHttpConnectionManager$SoapUIDefaultClientConnection] Sending request: POST /logicaldoc/services/Folder HTTP/1.1
10:12:12,407 DEBUG [SoapUIMultiThreadedHttpConnectionManager$SoapUIDefaultClientConnection] Receiving response: HTTP/1.1 200 
10:12:12,407 DEBUG [HttpClientSupport$SoapUIHttpClient] Connection can be kept alive for 20000 MILLISECONDS
10:12:12,414 DEBUG [HttpClientSupport$SoapUIHttpClient] Stale connection check
10:12:12,417 DEBUG [HttpClientSupport$SoapUIHttpClient] Attempt 1 to execute request
10:12:12,417 DEBUG [SoapUIMultiThreadedHttpConnectionManager$SoapUIDefaultClientConnection] Sending request: POST /logicaldoc/services/Folder HTTP/1.1
10:12:12,444 DEBUG [SoapUIMultiThreadedHttpConnectionManager$SoapUIDefaultClientConnection] Receiving response: HTTP/1.1 200 
10:12:12,445 DEBUG [HttpClientSupport$SoapUIHttpClient] Connection can be kept alive for 20000 MILLISECONDS
10:12:12,479 DEBUG [HttpClientSupport$SoapUIHttpClient] Stale connection check
10:12:12,481 DEBUG [HttpClientSupport$SoapUIHttpClient] Attempt 1 to execute request
10:12:12,481 DEBUG [SoapUIMultiThreadedHttpConnectionManager$SoapUIDefaultClientConnection] Sending request: POST /logicaldoc/services/Folder HTTP/1.1
10:12:12,496 DEBUG [SoapUIMultiThreadedHttpConnectionManager$SoapUIDefaultClientConnection] Receiving response: HTTP/1.1 200 
10:12:12,496 DEBUG [HttpClientSupport$SoapUIHttpClient] Connection can be kept alive for 20000 MILLISECONDS
]]></system-out>
    <system-err><![CDATA[déc. 13, 2021 10:12:12 AM eql.logicaldoc.LogicaldocTest LogicalDocTest_Folders
INFOS: Running LOGICALDOC Folders APIs tests
déc. 13, 2021 10:12:12 AM eql.logicaldoc.LogicaldocTest LogicalDocTest_Folders
INFOS: ******Running TestSuite 1***********
déc. 13, 2021 10:12:12 AM eql.logicaldoc.LogicaldocTest LogicalDocTest_Folders
INFOS: ******Running TestCase 1***********
]]></system-err>
  </testcase>
  <testcase name="LogicalDocTest_Bookmarks" classname="eql.logicaldoc.LogicaldocTest" time="0.264">
    <system-out><![CDATA[10:12:12,514 INFO  [WsdlProject] Loaded project from [file:/C:/Users/formation/Documents/Projet_Libreplan_Logicaldoc/logicaldoc/src/test/resources/LOGICALDOC-BOOKMARKS-TEST-soapui-project.xml]
10:12:12,517 DEBUG [HttpClientSupport$SoapUIHttpClient] Stale connection check
10:12:12,529 DEBUG [HttpClientSupport$SoapUIHttpClient] Attempt 1 to execute request
10:12:12,529 DEBUG [SoapUIMultiThreadedHttpConnectionManager$SoapUIDefaultClientConnection] Sending request: POST /logicaldoc/services/Auth HTTP/1.1
10:12:12,540 DEBUG [SoapUIMultiThreadedHttpConnectionManager$SoapUIDefaultClientConnection] Receiving response: HTTP/1.1 200 
10:12:12,540 DEBUG [HttpClientSupport$SoapUIHttpClient] Connection can be kept alive for 20000 MILLISECONDS
Progress: 1 - Loading Definition from cache
10:12:12,566 DEBUG [AbstractDefinitionContext] Loading Definition...
10:12:12,566 DEBUG [WsdlInterfaceDefinition] Loading WSDL: http://localhost:8080/logicaldoc/services/Document?wsdl
10:12:12,567 DEBUG [AbstractWsdlDefinitionLoader] Returning baseInputSource [http://localhost:8080/logicaldoc/services/Document?wsdl]
Retrieving document at 'http://localhost:8080/logicaldoc/services/Document?wsdl'.
10:12:12,572 ERROR [SoapUI] An error occurred [com.eviware.soapui.impl.support.definition.support.InvalidDefinitionException], see error log for details
10:12:12,572 ERROR [SoapUI] An error occurred [com.eviware.soapui.impl.support.definition.support.InvalidDefinitionException], see error log for details
10:12:12,573 WARN  [SoapUI] Failed to process inline/MTOM attachments; java.lang.Exception: Missing operation [create] in wsdl definition
Progress: 1 - Loading Definition from cache
10:12:12,573 DEBUG [AbstractDefinitionContext] Loading Definition...
10:12:12,573 DEBUG [WsdlInterfaceDefinition] Loading WSDL: http://localhost:8080/logicaldoc/services/Document?wsdl
10:12:12,573 DEBUG [AbstractWsdlDefinitionLoader] Returning baseInputSource [http://localhost:8080/logicaldoc/services/Document?wsdl]
Retrieving document at 'http://localhost:8080/logicaldoc/services/Document?wsdl'.
10:12:12,576 ERROR [SoapUI] An error occurred [com.eviware.soapui.impl.support.definition.support.InvalidDefinitionException], see error log for details
10:12:12,577 WARN  [AttachmentUtils] 
10:12:12,578 DEBUG [HttpClientSupport$SoapUIHttpClient] Stale connection check
10:12:12,594 DEBUG [HttpClientSupport$SoapUIHttpClient] Attempt 1 to execute request
10:12:12,594 DEBUG [SoapUIMultiThreadedHttpConnectionManager$SoapUIDefaultClientConnection] Sending request: POST /logicaldoc/services/Document HTTP/1.1
10:12:12,623 DEBUG [SoapUIMultiThreadedHttpConnectionManager$SoapUIDefaultClientConnection] Receiving response: HTTP/1.1 200 
10:12:12,623 DEBUG [HttpClientSupport$SoapUIHttpClient] Connection can be kept alive for 20000 MILLISECONDS
10:12:12,660 DEBUG [HttpClientSupport$SoapUIHttpClient] Stale connection check
10:12:12,670 DEBUG [HttpClientSupport$SoapUIHttpClient] Attempt 1 to execute request
10:12:12,670 DEBUG [SoapUIMultiThreadedHttpConnectionManager$SoapUIDefaultClientConnection] Sending request: POST /logicaldoc/services/Bookmark HTTP/1.1
10:12:12,692 DEBUG [SoapUIMultiThreadedHttpConnectionManager$SoapUIDefaultClientConnection] Receiving response: HTTP/1.1 200 
10:12:12,692 DEBUG [HttpClientSupport$SoapUIHttpClient] Connection can be kept alive for 20000 MILLISECONDS
10:12:12,695 DEBUG [HttpClientSupport$SoapUIHttpClient] Stale connection check
10:12:12,702 DEBUG [HttpClientSupport$SoapUIHttpClient] Attempt 1 to execute request
10:12:12,702 DEBUG [SoapUIMultiThreadedHttpConnectionManager$SoapUIDefaultClientConnection] Sending request: POST /logicaldoc/services/Bookmark HTTP/1.1
10:12:12,708 DEBUG [SoapUIMultiThreadedHttpConnectionManager$SoapUIDefaultClientConnection] Receiving response: HTTP/1.1 200 
10:12:12,708 DEBUG [HttpClientSupport$SoapUIHttpClient] Connection can be kept alive for 20000 MILLISECONDS
10:12:12,710 DEBUG [HttpClientSupport$SoapUIHttpClient] Stale connection check
10:12:12,717 DEBUG [HttpClientSupport$SoapUIHttpClient] Attempt 1 to execute request
10:12:12,717 DEBUG [SoapUIMultiThreadedHttpConnectionManager$SoapUIDefaultClientConnection] Sending request: POST /logicaldoc/services/Bookmark HTTP/1.1
10:12:12,736 DEBUG [SoapUIMultiThreadedHttpConnectionManager$SoapUIDefaultClientConnection] Receiving response: HTTP/1.1 200 
10:12:12,736 DEBUG [HttpClientSupport$SoapUIHttpClient] Connection can be kept alive for 20000 MILLISECONDS
10:12:12,739 DEBUG [HttpClientSupport$SoapUIHttpClient] Stale connection check
10:12:12,748 DEBUG [HttpClientSupport$SoapUIHttpClient] Attempt 1 to execute request
10:12:12,748 DEBUG [SoapUIMultiThreadedHttpConnectionManager$SoapUIDefaultClientConnection] Sending request: POST /logicaldoc/services/Bookmark HTTP/1.1
10:12:12,757 DEBUG [SoapUIMultiThreadedHttpConnectionManager$SoapUIDefaultClientConnection] Receiving response: HTTP/1.1 200 
10:12:12,757 DEBUG [HttpClientSupport$SoapUIHttpClient] Connection can be kept alive for 20000 MILLISECONDS
]]></system-out>
    <system-err><![CDATA[déc. 13, 2021 10:12:12 AM eql.logicaldoc.LogicaldocTest LogicalDocTest_Bookmarks
INFOS: Running LOGICALDOC Bookmarks APIs tests
déc. 13, 2021 10:12:12 AM eql.logicaldoc.LogicaldocTest LogicalDocTest_Bookmarks
INFOS: ******Running BOOKMARK_DOCUMENT***********
déc. 13, 2021 10:12:12 AM eql.logicaldoc.LogicaldocTest LogicalDocTest_Bookmarks
INFOS: ******Running BOOKMARK_DOCUMENT***********
[Fatal Error] Document?wsdl:1:43: Le balisage du document précédant l'élément racine doit avoir un format correct.
com.eviware.soapui.impl.support.definition.support.InvalidDefinitionException
	at com.eviware.soapui.impl.wsdl.support.wsdl.WsdlInterfaceDefinition.load(WsdlInterfaceDefinition.java:52)
	at com.eviware.soapui.impl.wsdl.support.wsdl.WsdlContext.loadDefinition(WsdlContext.java:62)
	at com.eviware.soapui.impl.wsdl.support.wsdl.WsdlContext.loadDefinition(WsdlContext.java:34)
	at com.eviware.soapui.impl.support.definition.support.AbstractDefinitionContext.cacheDefinition(AbstractDefinitionContext.java:245)
	at com.eviware.soapui.impl.support.definition.support.AbstractDefinitionContext.access$400(AbstractDefinitionContext.java:47)
	at com.eviware.soapui.impl.support.definition.support.AbstractDefinitionContext$Loader.construct(AbstractDefinitionContext.java:218)
	at com.eviware.soapui.support.swing.SwingWorkerDelegator.construct(SwingWorkerDelegator.java:46)
	at com.eviware.soapui.support.swing.SwingWorker$2.run(SwingWorker.java:131)
	at java.lang.Thread.run(Thread.java:748)
com.eviware.soapui.impl.support.definition.support.InvalidDefinitionException
	at com.eviware.soapui.impl.wsdl.support.wsdl.WsdlInterfaceDefinition.load(WsdlInterfaceDefinition.java:52)
	at com.eviware.soapui.impl.wsdl.support.wsdl.WsdlContext.loadDefinition(WsdlContext.java:62)
	at com.eviware.soapui.impl.wsdl.support.wsdl.WsdlContext.loadDefinition(WsdlContext.java:34)
	at com.eviware.soapui.impl.support.definition.support.AbstractDefinitionContext.cacheDefinition(AbstractDefinitionContext.java:245)
	at com.eviware.soapui.impl.support.definition.support.AbstractDefinitionContext.access$400(AbstractDefinitionContext.java:47)
	at com.eviware.soapui.impl.support.definition.support.AbstractDefinitionContext$Loader.construct(AbstractDefinitionContext.java:218)
	at com.eviware.soapui.support.swing.SwingWorkerDelegator.construct(SwingWorkerDelegator.java:46)
	at com.eviware.soapui.support.swing.SwingWorker$2.run(SwingWorker.java:131)
	at java.lang.Thread.run(Thread.java:748)
[Fatal Error] Document?wsdl:1:43: Le balisage du document précédant l'élément racine doit avoir un format correct.
com.eviware.soapui.impl.support.definition.support.InvalidDefinitionException
	at com.eviware.soapui.impl.wsdl.support.wsdl.WsdlInterfaceDefinition.load(WsdlInterfaceDefinition.java:52)
	at com.eviware.soapui.impl.wsdl.support.wsdl.WsdlContext.loadDefinition(WsdlContext.java:62)
	at com.eviware.soapui.impl.wsdl.support.wsdl.WsdlContext.loadDefinition(WsdlContext.java:34)
	at com.eviware.soapui.impl.support.definition.support.AbstractDefinitionContext.cacheDefinition(AbstractDefinitionContext.java:245)
	at com.eviware.soapui.impl.support.definition.support.AbstractDefinitionContext.access$400(AbstractDefinitionContext.java:47)
	at com.eviware.soapui.impl.support.definition.support.AbstractDefinitionContext$Loader.construct(AbstractDefinitionContext.java:218)
	at com.eviware.soapui.support.swing.SwingWorkerDelegator.construct(SwingWorkerDelegator.java:46)
	at com.eviware.soapui.support.swing.SwingWorker$2.run(SwingWorker.java:131)
	at java.lang.Thread.run(Thread.java:748)
]]></system-err>
  </testcase>
</testsuite>